2026-01-16 17:34:15,322 | INFO | Gefundene Bilder (im JSON): 48
2026-01-16 17:34:15,322 | INFO | Gefundene Annotationen: 142
2026-01-16 17:34:15,322 | INFO | Bilder werden geladen aus: C:\Users\larsb\Desktop\WS2025\GenAi\Genai-G63\Data_Preprossesing\test_images
2026-01-16 17:34:15,322 | INFO | Output-Ordner: C:\Users\larsb\Desktop\WS2025\GenAi\Genai-G63\Data_Preprossesing\viz_output
2026-01-16 17:34:18,724 | INFO | Fortschritt: 25/48 gespeichert...
2026-01-16 17:34:21,870 | INFO | Gespeichert: 48
2026-01-16 17:34:21,870 | INFO | Uebersprungen: 0
2026-01-16 17:34:21,870 | INFO | Fehlerklassen: {}
2026-01-16 17:34:21,878 | INFO | Stratified Sample Counts: {0: 17, 1: 17, 2: 2, 3: 2, 4: 2}
2026-01-16 17:34:21,880 | INFO | Sample-Liste geschrieben: C:\Users\larsb\Desktop\WS2025\GenAi\Genai-G63\Data_Preprossesing\sub_dataset_40.txt
2026-01-16 17:42:36,830 | INFO | Gefundene Bilder (im JSON): 423
2026-01-16 17:42:36,830 | INFO | Gefundene Annotationen: 559
2026-01-16 17:42:36,830 | INFO | Bilder werden geladen aus: C:\Users\larsb\Desktop\WS2025\GenAi\Genai-G63\Data_Preprossesing\test_images
2026-01-16 17:42:36,830 | INFO | Output-Ordner: C:\Users\larsb\Desktop\WS2025\GenAi\Genai-G63\Data_Preprossesing\viz_output
2026-01-16 17:42:36,895 | WARNING | [SKIP] image_id=0 file_name=DJI_0058_1_3.JPG reason=file_not_found
2026-01-16 17:42:36,895 | WARNING | [SKIP] image_id=1 file_name=DJI_0013_0_3.JPG reason=file_not_found
2026-01-16 17:42:36,895 | WARNING | [SKIP] image_id=2 file_name=DJI_0013_1_1.JPG reason=file_not_found
2026-01-16 17:42:36,895 | WARNING | [SKIP] image_id=3 file_name=DJI_0168_0_3.JPG reason=file_not_found
2026-01-16 17:42:36,895 | WARNING | [SKIP] image_id=4 file_name=DJI_0168_0_4.JPG reason=file_not_found
2026-01-16 17:42:36,895 | WARNING | [SKIP] image_id=5 file_name=DJI_0168_1_2.JPG reason=file_not_found
2026-01-16 17:42:36,895 | WARNING | [SKIP] image_id=6 file_name=DJI_0131_1_1.JPG reason=file_not_found
2026-01-16 17:42:36,895 | WARNING | [SKIP] image_id=7 file_name=DJI_0212_0_2.JPG reason=file_not_found
2026-01-16 17:42:36,895 | WARNING | [SKIP] image_id=8 file_name=DJI_0212_1_2.JPG reason=file_not_found
2026-01-16 17:42:36,895 | WARNING | [SKIP] image_id=9 file_name=DJI_0700_0_1.JPG reason=file_not_found
2026-01-16 17:42:36,895 | WARNING | [SKIP] image_id=10 file_name=DJI_0700_1_3.JPG reason=file_not_found
2026-01-16 17:42:36,895 | WARNING | [SKIP] image_id=11 file_name=DJI_0177_0_2.JPG reason=file_not_found
2026-01-16 17:42:36,895 | WARNING | [SKIP] image_id=12 file_name=DJI_0177_1_2.JPG reason=file_not_found
2026-01-16 17:42:36,895 | WARNING | [SKIP] image_id=13 file_name=DJI_0394_0_4.JPG reason=file_not_found
2026-01-16 17:42:36,895 | WARNING | [SKIP] image_id=14 file_name=DJI_0449_0_1.JPG reason=file_not_found
2026-01-16 17:42:36,895 | WARNING | [SKIP] image_id=15 file_name=DJI_0449_0_2.JPG reason=file_not_found
2026-01-16 17:42:36,895 | WARNING | [SKIP] image_id=16 file_name=DJI_0449_1_1.JPG reason=file_not_found
2026-01-16 17:42:36,895 | WARNING | [SKIP] image_id=17 file_name=DJI_0449_1_2.JPG reason=file_not_found
2026-01-16 17:42:36,895 | WARNING | [SKIP] image_id=18 file_name=DJI_0450_1_2.JPG reason=file_not_found
2026-01-16 17:42:36,895 | WARNING | [SKIP] image_id=19 file_name=DJI_0696_1_1.JPG reason=file_not_found
2026-01-16 17:42:36,895 | WARNING | [SKIP] image_id=20 file_name=DJI_0696_1_2.JPG reason=file_not_found
2026-01-16 17:42:36,895 | WARNING | [SKIP] image_id=21 file_name=DJI_0696_1_3.JPG reason=file_not_found
2026-01-16 17:42:36,895 | WARNING | [SKIP] image_id=22 file_name=DJI_0688_0_2.JPG reason=file_not_found
2026-01-16 17:42:36,895 | WARNING | [SKIP] image_id=23 file_name=DJI_0688_1_2.JPG reason=file_not_found
2026-01-16 17:42:36,895 | WARNING | [SKIP] image_id=24 file_name=DJI_0688_1_3.JPG reason=file_not_found
2026-01-16 17:42:36,895 | WARNING | [SKIP] image_id=25 file_name=DJI_0012_0_3.JPG reason=file_not_found
2026-01-16 17:42:36,895 | WARNING | [SKIP] image_id=26 file_name=DJI_0012_0_4.JPG reason=file_not_found
2026-01-16 17:42:36,895 | WARNING | [SKIP] image_id=27 file_name=DJI_0012_1_2.JPG reason=file_not_found
2026-01-16 17:42:36,895 | WARNING | [SKIP] image_id=28 file_name=DJI_0751_0_1.JPG reason=file_not_found
2026-01-16 17:42:36,895 | WARNING | [SKIP] image_id=29 file_name=DJI_0751_0_2.JPG reason=file_not_found
2026-01-16 17:42:36,895 | WARNING | [SKIP] image_id=30 file_name=DJI_0751_1_4.JPG reason=file_not_found
2026-01-16 17:42:36,895 | WARNING | [SKIP] image_id=31 file_name=DJI_0693_0_2.JPG reason=file_not_found
2026-01-16 17:42:36,895 | WARNING | [SKIP] image_id=32 file_name=DJI_0693_1_3.JPG reason=file_not_found
2026-01-16 17:42:36,895 | WARNING | [SKIP] image_id=33 file_name=DJI_0249_0_3.JPG reason=file_not_found
2026-01-16 17:42:36,895 | WARNING | [SKIP] image_id=34 file_name=DJI_0249_0_4.JPG reason=file_not_found
2026-01-16 17:42:36,895 | WARNING | [SKIP] image_id=35 file_name=DJI_0249_1_3.JPG reason=file_not_found
2026-01-16 17:42:36,895 | WARNING | [SKIP] image_id=36 file_name=DJI_0019_0_2.JPG reason=file_not_found
2026-01-16 17:42:36,895 | WARNING | [SKIP] image_id=37 file_name=DJI_0019_0_3.JPG reason=file_not_found
2026-01-16 17:42:36,895 | WARNING | [SKIP] image_id=38 file_name=DJI_0019_0_4.JPG reason=file_not_found
2026-01-16 17:42:36,895 | WARNING | [SKIP] image_id=39 file_name=DJI_0019_1_1.JPG reason=file_not_found
2026-01-16 17:42:36,895 | WARNING | [SKIP] image_id=40 file_name=DJI_0378_0_3.JPG reason=file_not_found
2026-01-16 17:42:36,895 | WARNING | [SKIP] image_id=41 file_name=DJI_0004_0_3.JPG reason=file_not_found
2026-01-16 17:42:36,895 | WARNING | [SKIP] image_id=42 file_name=DJI_0031_0_1.JPG reason=file_not_found
2026-01-16 17:42:36,895 | WARNING | [SKIP] image_id=43 file_name=DJI_0031_0_2.JPG reason=file_not_found
2026-01-16 17:42:36,895 | WARNING | [SKIP] image_id=44 file_name=DJI_0031_1_2.JPG reason=file_not_found
2026-01-16 17:42:36,905 | WARNING | [SKIP] image_id=45 file_name=DJI_0209_1_3.JPG reason=file_not_found
2026-01-16 17:42:36,905 | WARNING | [SKIP] image_id=46 file_name=DJI_0757_1_1.JPG reason=file_not_found
2026-01-16 17:42:36,905 | WARNING | [SKIP] image_id=47 file_name=DJI_0757_1_2.JPG reason=file_not_found
2026-01-16 17:42:36,905 | WARNING | [SKIP] image_id=48 file_name=DJI_0167_0_2.JPG reason=file_not_found
2026-01-16 17:42:36,905 | WARNING | [SKIP] image_id=49 file_name=DJI_0167_0_3.JPG reason=file_not_found
2026-01-16 17:42:36,905 | WARNING | [SKIP] image_id=50 file_name=DJI_0167_0_4.JPG reason=file_not_found
2026-01-16 17:42:36,905 | WARNING | [SKIP] image_id=51 file_name=DJI_0089_0_1.JPG reason=file_not_found
2026-01-16 17:42:36,905 | WARNING | [SKIP] image_id=52 file_name=DJI_0089_0_2.JPG reason=file_not_found
2026-01-16 17:42:36,905 | WARNING | [SKIP] image_id=53 file_name=DJI_0089_1_2.JPG reason=file_not_found
2026-01-16 17:42:36,906 | WARNING | [SKIP] image_id=54 file_name=DJI_0023_0_2.JPG reason=file_not_found
2026-01-16 17:42:36,906 | WARNING | [SKIP] image_id=55 file_name=DJI_0023_1_4.JPG reason=file_not_found
2026-01-16 17:42:36,906 | WARNING | [SKIP] image_id=56 file_name=DJI_0214_0_2.JPG reason=file_not_found
2026-01-16 17:42:36,906 | WARNING | [SKIP] image_id=57 file_name=DJI_0214_1_2.JPG reason=file_not_found
2026-01-16 17:42:36,906 | WARNING | [SKIP] image_id=58 file_name=DJI_0172_0_2.JPG reason=file_not_found
2026-01-16 17:42:36,906 | WARNING | [SKIP] image_id=59 file_name=DJI_0172_0_3.JPG reason=file_not_found
2026-01-16 17:42:36,906 | WARNING | [SKIP] image_id=60 file_name=DJI_0172_1_4.JPG reason=file_not_found
2026-01-16 17:42:36,906 | WARNING | [SKIP] image_id=61 file_name=DJI_0215_1_2.JPG reason=file_not_found
2026-01-16 17:42:36,906 | WARNING | [SKIP] image_id=62 file_name=DJI_0427_1_2.JPG reason=file_not_found
2026-01-16 17:42:36,906 | WARNING | [SKIP] image_id=63 file_name=DJI_0427_1_3.JPG reason=file_not_found
2026-01-16 17:42:36,907 | WARNING | [SKIP] image_id=64 file_name=DJI_0427_1_4.JPG reason=file_not_found
2026-01-16 17:42:36,907 | WARNING | [SKIP] image_id=65 file_name=DJI_0009_0_3.JPG reason=file_not_found
2026-01-16 17:42:36,907 | WARNING | [SKIP] image_id=66 file_name=DJI_0009_0_4.JPG reason=file_not_found
2026-01-16 17:42:36,907 | WARNING | [SKIP] image_id=67 file_name=DJI_0009_1_1.JPG reason=file_not_found
2026-01-16 17:42:36,907 | WARNING | [SKIP] image_id=68 file_name=DJI_0360_1_2.JPG reason=file_not_found
2026-01-16 17:42:36,907 | WARNING | [SKIP] image_id=69 file_name=DJI_0051_0_2.JPG reason=file_not_found
2026-01-16 17:42:36,907 | WARNING | [SKIP] image_id=70 file_name=DJI_0051_0_3.JPG reason=file_not_found
2026-01-16 17:42:36,907 | WARNING | [SKIP] image_id=71 file_name=DJI_0164_0_2.JPG reason=file_not_found
2026-01-16 17:42:36,907 | WARNING | [SKIP] image_id=72 file_name=DJI_0164_0_3.JPG reason=file_not_found
2026-01-16 17:42:36,907 | WARNING | [SKIP] image_id=73 file_name=DJI_0164_1_2.JPG reason=file_not_found
2026-01-16 17:42:36,907 | WARNING | [SKIP] image_id=74 file_name=DJI_0622_1_2.JPG reason=file_not_found
2026-01-16 17:42:36,907 | WARNING | [SKIP] image_id=75 file_name=DJI_0622_1_3.JPG reason=file_not_found
2026-01-16 17:42:36,907 | WARNING | [SKIP] image_id=76 file_name=DJI_0451_1_1.JPG reason=file_not_found
2026-01-16 17:42:36,907 | WARNING | [SKIP] image_id=77 file_name=DJI_0451_1_2.JPG reason=file_not_found
2026-01-16 17:42:36,909 | WARNING | [SKIP] image_id=78 file_name=DJI_0615_0_2.JPG reason=file_not_found
2026-01-16 17:42:36,909 | WARNING | [SKIP] image_id=79 file_name=DJI_0615_1_1.JPG reason=file_not_found
2026-01-16 17:42:36,909 | WARNING | [SKIP] image_id=80 file_name=DJI_0129_1_1.JPG reason=file_not_found
2026-01-16 17:42:36,910 | WARNING | [SKIP] image_id=81 file_name=DJI_0620_0_2.JPG reason=file_not_found
2026-01-16 17:42:36,910 | WARNING | [SKIP] image_id=82 file_name=DJI_0620_0_3.JPG reason=file_not_found
2026-01-16 17:42:36,910 | WARNING | [SKIP] image_id=83 file_name=DJI_0620_1_2.JPG reason=file_not_found
2026-01-16 17:42:36,910 | WARNING | [SKIP] image_id=84 file_name=DJI_0335_0_3.JPG reason=file_not_found
2026-01-16 17:42:36,910 | WARNING | [SKIP] image_id=85 file_name=DJI_0335_1_2.JPG reason=file_not_found
2026-01-16 17:42:36,910 | WARNING | [SKIP] image_id=86 file_name=DJI_0335_1_3.JPG reason=file_not_found
2026-01-16 17:42:36,910 | WARNING | [SKIP] image_id=87 file_name=DJI_0030_0_2.JPG reason=file_not_found
2026-01-16 17:42:36,910 | WARNING | [SKIP] image_id=88 file_name=DJI_0030_1_2.JPG reason=file_not_found
2026-01-16 17:42:36,910 | WARNING | [SKIP] image_id=89 file_name=DJI_0412_1_2.JPG reason=file_not_found
2026-01-16 17:42:36,910 | WARNING | [SKIP] image_id=90 file_name=DJI_0412_1_3.JPG reason=file_not_found
2026-01-16 17:42:36,910 | WARNING | [SKIP] image_id=91 file_name=DJI_0247_1_2.JPG reason=file_not_found
2026-01-16 17:42:36,910 | WARNING | [SKIP] image_id=92 file_name=DJI_0090_0_1.JPG reason=file_not_found
2026-01-16 17:42:36,910 | WARNING | [SKIP] image_id=93 file_name=DJI_0090_1_2.JPG reason=file_not_found
2026-01-16 17:42:36,910 | WARNING | [SKIP] image_id=94 file_name=DJI_0623_0_3.JPG reason=file_not_found
2026-01-16 17:42:36,911 | WARNING | [SKIP] image_id=95 file_name=DJI_0339_0_4.JPG reason=file_not_found
2026-01-16 17:42:36,911 | WARNING | [SKIP] image_id=96 file_name=DJI_0428_1_3.JPG reason=file_not_found
2026-01-16 17:42:36,911 | WARNING | [SKIP] image_id=97 file_name=DJI_0183_0_1.JPG reason=file_not_found
2026-01-16 17:42:36,911 | WARNING | [SKIP] image_id=98 file_name=DJI_0183_1_1.JPG reason=file_not_found
2026-01-16 17:42:36,911 | WARNING | [SKIP] image_id=99 file_name=DJI_0237_0_3.JPG reason=file_not_found
2026-01-16 17:42:36,911 | WARNING | [SKIP] image_id=100 file_name=DJI_0237_1_3.JPG reason=file_not_found
2026-01-16 17:42:36,911 | WARNING | [SKIP] image_id=101 file_name=DJI_0411_0_2.JPG reason=file_not_found
2026-01-16 17:42:36,911 | WARNING | [SKIP] image_id=102 file_name=DJI_0411_1_2.JPG reason=file_not_found
2026-01-16 17:42:36,911 | WARNING | [SKIP] image_id=103 file_name=DJI_0384_0_3.JPG reason=file_not_found
2026-01-16 17:42:36,912 | WARNING | [SKIP] image_id=104 file_name=DJI_0408_0_0.JPG reason=file_not_found
2026-01-16 17:42:36,912 | WARNING | [SKIP] image_id=105 file_name=DJI_0189_1_0.JPG reason=file_not_found
2026-01-16 17:42:36,913 | WARNING | [SKIP] image_id=106 file_name=DJI_0103_0_0.JPG reason=file_not_found
2026-01-16 17:42:36,913 | WARNING | [SKIP] image_id=107 file_name=DJI_0103_0_1.JPG reason=file_not_found
2026-01-16 17:42:36,913 | WARNING | [SKIP] image_id=108 file_name=DJI_0103_1_2.JPG reason=file_not_found
2026-01-16 17:42:36,913 | WARNING | [SKIP] image_id=109 file_name=DJI_0416_1_3.JPG reason=file_not_found
2026-01-16 17:42:36,913 | WARNING | [SKIP] image_id=110 file_name=DJI_0020_0_2.JPG reason=file_not_found
2026-01-16 17:42:36,915 | WARNING | [SKIP] image_id=111 file_name=DJI_0020_0_3.JPG reason=file_not_found
2026-01-16 17:42:36,915 | WARNING | [SKIP] image_id=112 file_name=DJI_0020_0_4.JPG reason=file_not_found
2026-01-16 17:42:36,915 | WARNING | [SKIP] image_id=113 file_name=DJI_0020_1_1.JPG reason=file_not_found
2026-01-16 17:42:36,916 | WARNING | [SKIP] image_id=114 file_name=DJI_0205_1_2.JPG reason=file_not_found
2026-01-16 17:42:36,916 | WARNING | [SKIP] image_id=115 file_name=DJI_0109_0_1.JPG reason=file_not_found
2026-01-16 17:42:36,916 | WARNING | [SKIP] image_id=116 file_name=DJI_0109_1_2.JPG reason=file_not_found
2026-01-16 17:42:36,916 | WARNING | [SKIP] image_id=117 file_name=DJI_0446_1_3.JPG reason=file_not_found
2026-01-16 17:42:36,916 | WARNING | [SKIP] image_id=118 file_name=DJI_0446_1_4.JPG reason=file_not_found
2026-01-16 17:42:36,917 | WARNING | [SKIP] image_id=119 file_name=DJI_0628_1_1.JPG reason=file_not_found
2026-01-16 17:42:36,917 | WARNING | [SKIP] image_id=120 file_name=DJI_0193_1_1.JPG reason=file_not_found
2026-01-16 17:42:36,917 | WARNING | [SKIP] image_id=121 file_name=DJI_0193_1_3.JPG reason=file_not_found
2026-01-16 17:42:36,917 | WARNING | [SKIP] image_id=122 file_name=DJI_0061_0_3.JPG reason=file_not_found
2026-01-16 17:42:36,918 | WARNING | [SKIP] image_id=123 file_name=DJI_0061_1_2.JPG reason=file_not_found
2026-01-16 17:42:36,918 | WARNING | [SKIP] image_id=124 file_name=DJI_0061_1_3.JPG reason=file_not_found
2026-01-16 17:42:36,918 | WARNING | [SKIP] image_id=125 file_name=DJI_0176_0_2.JPG reason=file_not_found
2026-01-16 17:42:36,919 | WARNING | [SKIP] image_id=126 file_name=DJI_0176_1_2.JPG reason=file_not_found
2026-01-16 17:42:36,919 | WARNING | [SKIP] image_id=127 file_name=DJI_0037_1_1.JPG reason=file_not_found
2026-01-16 17:42:36,919 | WARNING | [SKIP] image_id=128 file_name=DJI_0037_1_2.JPG reason=file_not_found
2026-01-16 17:42:36,919 | WARNING | [SKIP] image_id=129 file_name=DJI_0017_0_2.JPG reason=file_not_found
2026-01-16 17:42:36,921 | WARNING | [SKIP] image_id=130 file_name=DJI_0017_0_3.JPG reason=file_not_found
2026-01-16 17:42:36,921 | WARNING | [SKIP] image_id=131 file_name=DJI_0017_0_4.JPG reason=file_not_found
2026-01-16 17:42:36,921 | WARNING | [SKIP] image_id=132 file_name=DJI_0017_1_1.JPG reason=file_not_found
2026-01-16 17:42:36,921 | WARNING | [SKIP] image_id=133 file_name=DJI_0755_1_1.JPG reason=file_not_found
2026-01-16 17:42:36,921 | WARNING | [SKIP] image_id=134 file_name=DJI_0250_0_3.JPG reason=file_not_found
2026-01-16 17:42:36,921 | WARNING | [SKIP] image_id=135 file_name=DJI_0442_0_2.JPG reason=file_not_found
2026-01-16 17:42:36,921 | WARNING | [SKIP] image_id=136 file_name=DJI_0442_1_2.JPG reason=file_not_found
2026-01-16 17:42:36,921 | WARNING | [SKIP] image_id=137 file_name=DJI_0975_1_0.JPG reason=file_not_found
2026-01-16 17:42:36,921 | WARNING | [SKIP] image_id=138 file_name=DJI_0156_0_3.JPG reason=file_not_found
2026-01-16 17:42:36,921 | WARNING | [SKIP] image_id=139 file_name=DJI_0156_1_2.JPG reason=file_not_found
2026-01-16 17:42:36,921 | WARNING | [SKIP] image_id=140 file_name=DJI_0979_1_0.JPG reason=file_not_found
2026-01-16 17:42:36,921 | WARNING | [SKIP] image_id=141 file_name=DJI_0453_1_3.JPG reason=file_not_found
2026-01-16 17:42:36,921 | WARNING | [SKIP] image_id=142 file_name=DJI_0396_0_3.JPG reason=file_not_found
2026-01-16 17:42:36,921 | WARNING | [SKIP] image_id=143 file_name=DJI_0396_0_4.JPG reason=file_not_found
2026-01-16 17:42:36,921 | WARNING | [SKIP] image_id=144 file_name=DJI_0332_0_3.JPG reason=file_not_found
2026-01-16 17:42:36,921 | WARNING | [SKIP] image_id=145 file_name=DJI_0332_1_2.JPG reason=file_not_found
2026-01-16 17:42:36,921 | WARNING | [SKIP] image_id=146 file_name=DJI_0173_0_2.JPG reason=file_not_found
2026-01-16 17:42:36,921 | WARNING | [SKIP] image_id=147 file_name=DJI_0173_1_3.JPG reason=file_not_found
2026-01-16 17:42:36,921 | WARNING | [SKIP] image_id=148 file_name=DJI_0745_0_0.JPG reason=file_not_found
2026-01-16 17:42:36,921 | WARNING | [SKIP] image_id=149 file_name=DJI_0745_1_0.JPG reason=file_not_found
2026-01-16 17:42:36,921 | WARNING | [SKIP] image_id=150 file_name=DJI_0104_0_1.JPG reason=file_not_found
2026-01-16 17:42:36,925 | WARNING | [SKIP] image_id=151 file_name=DJI_0104_1_2.JPG reason=file_not_found
2026-01-16 17:42:36,925 | WARNING | [SKIP] image_id=152 file_name=DJI_0104_1_3.JPG reason=file_not_found
2026-01-16 17:42:36,926 | WARNING | [SKIP] image_id=153 file_name=DJI_0123_0_3.JPG reason=file_not_found
2026-01-16 17:42:36,926 | WARNING | [SKIP] image_id=154 file_name=DJI_0123_1_3.JPG reason=file_not_found
2026-01-16 17:42:36,926 | WARNING | [SKIP] image_id=155 file_name=DJI_0014_0_2.JPG reason=file_not_found
2026-01-16 17:42:36,926 | WARNING | [SKIP] image_id=156 file_name=DJI_0014_0_3.JPG reason=file_not_found
2026-01-16 17:42:36,926 | WARNING | [SKIP] image_id=157 file_name=DJI_0014_0_4.JPG reason=file_not_found
2026-01-16 17:42:36,927 | WARNING | [SKIP] image_id=158 file_name=DJI_0014_1_1.JPG reason=file_not_found
2026-01-16 17:42:36,927 | WARNING | [SKIP] image_id=159 file_name=DJI_0443_1_1.JPG reason=file_not_found
2026-01-16 17:42:36,927 | WARNING | [SKIP] image_id=160 file_name=DJI_0235_0_2.JPG reason=file_not_found
2026-01-16 17:42:36,927 | WARNING | [SKIP] image_id=161 file_name=DJI_0235_1_2.JPG reason=file_not_found
2026-01-16 17:42:36,927 | WARNING | [SKIP] image_id=162 file_name=DJI_0094_0_1.JPG reason=file_not_found
2026-01-16 17:42:36,928 | WARNING | [SKIP] image_id=163 file_name=DJI_0094_1_3.JPG reason=file_not_found
2026-01-16 17:42:36,928 | WARNING | [SKIP] image_id=164 file_name=DJI_0133_0_0.JPG reason=file_not_found
2026-01-16 17:42:36,928 | WARNING | [SKIP] image_id=165 file_name=DJI_0125_0_4.JPG reason=file_not_found
2026-01-16 17:42:36,928 | WARNING | [SKIP] image_id=166 file_name=DJI_0125_1_4.JPG reason=file_not_found
2026-01-16 17:42:36,928 | WARNING | [SKIP] image_id=167 file_name=DJI_0383_0_3.JPG reason=file_not_found
2026-01-16 17:42:36,928 | WARNING | [SKIP] image_id=168 file_name=DJI_0198_1_1.JPG reason=file_not_found
2026-01-16 17:42:36,929 | WARNING | [SKIP] image_id=169 file_name=DJI_0198_1_3.JPG reason=file_not_found
2026-01-16 17:42:36,929 | WARNING | [SKIP] image_id=170 file_name=DJI_0160_0_3.JPG reason=file_not_found
2026-01-16 17:42:36,929 | WARNING | [SKIP] image_id=171 file_name=DJI_0160_1_2.JPG reason=file_not_found
2026-01-16 17:42:36,929 | WARNING | [SKIP] image_id=172 file_name=DJI_0190_1_0.JPG reason=file_not_found
2026-01-16 17:42:36,930 | WARNING | [SKIP] image_id=173 file_name=DJI_0190_1_2.JPG reason=file_not_found
2026-01-16 17:42:36,930 | WARNING | [SKIP] image_id=174 file_name=DJI_0166_0_2.JPG reason=file_not_found
2026-01-16 17:42:36,930 | WARNING | [SKIP] image_id=175 file_name=DJI_0166_0_3.JPG reason=file_not_found
2026-01-16 17:42:36,930 | WARNING | [SKIP] image_id=176 file_name=DJI_0120_0_3.JPG reason=file_not_found
2026-01-16 17:42:36,930 | WARNING | [SKIP] image_id=177 file_name=DJI_0120_1_3.JPG reason=file_not_found
2026-01-16 17:42:36,930 | WARNING | [SKIP] image_id=178 file_name=DJI_0251_0_3.JPG reason=file_not_found
2026-01-16 17:42:36,931 | WARNING | [SKIP] image_id=179 file_name=DJI_0251_0_4.JPG reason=file_not_found
2026-01-16 17:42:36,931 | WARNING | [SKIP] image_id=180 file_name=DJI_0440_1_1.JPG reason=file_not_found
2026-01-16 17:42:36,931 | WARNING | [SKIP] image_id=181 file_name=DJI_0244_1_2.JPG reason=file_not_found
2026-01-16 17:42:36,931 | WARNING | [SKIP] image_id=182 file_name=DJI_0441_1_1.JPG reason=file_not_found
2026-01-16 17:42:36,931 | WARNING | [SKIP] image_id=183 file_name=DJI_0702_1_2.JPG reason=file_not_found
2026-01-16 17:42:36,931 | WARNING | [SKIP] image_id=184 file_name=DJI_0046_1_0.JPG reason=file_not_found
2026-01-16 17:42:36,931 | WARNING | [SKIP] image_id=185 file_name=DJI_0016_0_2.JPG reason=file_not_found
2026-01-16 17:42:36,932 | WARNING | [SKIP] image_id=186 file_name=DJI_0016_0_3.JPG reason=file_not_found
2026-01-16 17:42:36,932 | WARNING | [SKIP] image_id=187 file_name=DJI_0016_0_4.JPG reason=file_not_found
2026-01-16 17:42:36,932 | WARNING | [SKIP] image_id=188 file_name=DJI_0016_1_1.JPG reason=file_not_found
2026-01-16 17:42:36,932 | WARNING | [SKIP] image_id=189 file_name=DJI_0126_0_4.JPG reason=file_not_found
2026-01-16 17:42:36,932 | WARNING | [SKIP] image_id=190 file_name=DJI_0126_1_4.JPG reason=file_not_found
2026-01-16 17:42:36,932 | WARNING | [SKIP] image_id=191 file_name=DJI_0179_1_2.JPG reason=file_not_found
2026-01-16 17:42:36,932 | WARNING | [SKIP] image_id=192 file_name=DJI_0409_0_1.JPG reason=file_not_found
2026-01-16 17:42:36,932 | WARNING | [SKIP] image_id=193 file_name=DJI_0409_0_2.JPG reason=file_not_found
2026-01-16 17:42:36,934 | WARNING | [SKIP] image_id=194 file_name=DJI_0409_1_1.JPG reason=file_not_found
2026-01-16 17:42:36,934 | WARNING | [SKIP] image_id=195 file_name=DJI_0409_1_2.JPG reason=file_not_found
2026-01-16 17:42:36,934 | WARNING | [SKIP] image_id=196 file_name=DJI_0337_0_4.JPG reason=file_not_found
2026-01-16 17:42:36,934 | WARNING | [SKIP] image_id=197 file_name=DJI_0337_1_3.JPG reason=file_not_found
2026-01-16 17:42:36,934 | WARNING | [SKIP] image_id=198 file_name=DJI_0337_1_4.JPG reason=file_not_found
2026-01-16 17:42:36,934 | WARNING | [SKIP] image_id=199 file_name=DJI_0007_0_2.JPG reason=file_not_found
2026-01-16 17:42:36,934 | WARNING | [SKIP] image_id=200 file_name=DJI_0007_0_3.JPG reason=file_not_found
2026-01-16 17:42:36,936 | WARNING | [SKIP] image_id=201 file_name=DJI_0007_1_1.JPG reason=file_not_found
2026-01-16 17:42:36,936 | WARNING | [SKIP] image_id=202 file_name=DJI_0358_0_2.JPG reason=file_not_found
2026-01-16 17:42:36,936 | WARNING | [SKIP] image_id=203 file_name=DJI_0758_1_1.JPG reason=file_not_found
2026-01-16 17:42:36,936 | WARNING | [SKIP] image_id=204 file_name=DJI_0758_1_2.JPG reason=file_not_found
2026-01-16 17:42:36,936 | WARNING | [SKIP] image_id=205 file_name=DJI_0447_1_2.JPG reason=file_not_found
2026-01-16 17:42:36,936 | WARNING | [SKIP] image_id=206 file_name=DJI_0447_1_3.JPG reason=file_not_found
2026-01-16 17:42:36,936 | WARNING | [SKIP] image_id=207 file_name=DJI_0116_1_3.JPG reason=file_not_found
2026-01-16 17:42:36,937 | WARNING | [SKIP] image_id=208 file_name=DJI_0008_0_3.JPG reason=file_not_found
2026-01-16 17:42:36,937 | WARNING | [SKIP] image_id=209 file_name=DJI_0008_0_4.JPG reason=file_not_found
2026-01-16 17:42:36,937 | WARNING | [SKIP] image_id=210 file_name=DJI_0008_1_1.JPG reason=file_not_found
2026-01-16 17:42:36,937 | WARNING | [SKIP] image_id=211 file_name=DJI_0202_0_2.JPG reason=file_not_found
2026-01-16 17:42:36,937 | WARNING | [SKIP] image_id=212 file_name=DJI_0202_1_2.JPG reason=file_not_found
2026-01-16 17:42:36,938 | WARNING | [SKIP] image_id=213 file_name=DJI_0095_0_1.JPG reason=file_not_found
2026-01-16 17:42:36,938 | WARNING | [SKIP] image_id=214 file_name=DJI_0095_1_2.JPG reason=file_not_found
2026-01-16 17:42:36,938 | WARNING | [SKIP] image_id=215 file_name=DJI_0095_1_3.JPG reason=file_not_found
2026-01-16 17:42:36,938 | WARNING | [SKIP] image_id=216 file_name=DJI_0709_0_1.JPG reason=file_not_found
2026-01-16 17:42:36,938 | WARNING | [SKIP] image_id=217 file_name=DJI_0709_1_2.JPG reason=file_not_found
2026-01-16 17:42:36,938 | WARNING | [SKIP] image_id=218 file_name=DJI_0709_1_3.JPG reason=file_not_found
2026-01-16 17:42:36,938 | WARNING | [SKIP] image_id=219 file_name=DJI_0617_0_1.JPG reason=file_not_found
2026-01-16 17:42:36,938 | WARNING | [SKIP] image_id=220 file_name=DJI_0617_0_2.JPG reason=file_not_found
2026-01-16 17:42:36,938 | WARNING | [SKIP] image_id=221 file_name=DJI_0617_1_1.JPG reason=file_not_found
2026-01-16 17:42:36,938 | WARNING | [SKIP] image_id=222 file_name=DJI_0756_1_1.JPG reason=file_not_found
2026-01-16 17:42:36,938 | WARNING | [SKIP] image_id=223 file_name=DJI_0756_1_2.JPG reason=file_not_found
2026-01-16 17:42:36,938 | WARNING | [SKIP] image_id=224 file_name=DJI_0690_0_2.JPG reason=file_not_found
2026-01-16 17:42:36,938 | WARNING | [SKIP] image_id=225 file_name=DJI_0690_1_2.JPG reason=file_not_found
2026-01-16 17:42:36,938 | WARNING | [SKIP] image_id=226 file_name=DJI_0690_1_3.JPG reason=file_not_found
2026-01-16 17:42:36,938 | WARNING | [SKIP] image_id=227 file_name=DJI_0093_0_1.JPG reason=file_not_found
2026-01-16 17:42:36,938 | WARNING | [SKIP] image_id=228 file_name=DJI_0093_1_2.JPG reason=file_not_found
2026-01-16 17:42:36,938 | WARNING | [SKIP] image_id=229 file_name=DJI_0093_1_3.JPG reason=file_not_found
2026-01-16 17:42:36,938 | WARNING | [SKIP] image_id=230 file_name=DJI_0132_1_0.JPG reason=file_not_found
2026-01-16 17:42:36,938 | WARNING | [SKIP] image_id=231 file_name=DJI_0691_0_2.JPG reason=file_not_found
2026-01-16 17:42:36,938 | WARNING | [SKIP] image_id=232 file_name=DJI_0691_1_3.JPG reason=file_not_found
2026-01-16 17:42:36,938 | WARNING | [SKIP] image_id=233 file_name=DJI_0713_0_0.JPG reason=file_not_found
2026-01-16 17:42:36,938 | WARNING | [SKIP] image_id=234 file_name=DJI_0713_0_1.JPG reason=file_not_found
2026-01-16 17:42:36,938 | WARNING | [SKIP] image_id=235 file_name=DJI_0713_1_1.JPG reason=file_not_found
2026-01-16 17:42:36,938 | WARNING | [SKIP] image_id=236 file_name=DJI_0713_1_2.JPG reason=file_not_found
2026-01-16 17:42:36,938 | WARNING | [SKIP] image_id=237 file_name=DJI_0088_0_1.JPG reason=file_not_found
2026-01-16 17:42:36,938 | WARNING | [SKIP] image_id=238 file_name=DJI_0088_0_2.JPG reason=file_not_found
2026-01-16 17:42:36,938 | WARNING | [SKIP] image_id=239 file_name=DJI_0088_1_2.JPG reason=file_not_found
2026-01-16 17:42:36,938 | WARNING | [SKIP] image_id=240 file_name=DJI_0052_0_3.JPG reason=file_not_found
2026-01-16 17:42:36,938 | WARNING | [SKIP] image_id=241 file_name=DJI_0097_0_0.JPG reason=file_not_found
2026-01-16 17:42:36,938 | WARNING | [SKIP] image_id=242 file_name=DJI_0097_0_1.JPG reason=file_not_found
2026-01-16 17:42:36,938 | WARNING | [SKIP] image_id=243 file_name=DJI_0097_1_2.JPG reason=file_not_found
2026-01-16 17:42:36,938 | WARNING | [SKIP] image_id=244 file_name=DJI_0334_0_4.JPG reason=file_not_found
2026-01-16 17:42:36,938 | WARNING | [SKIP] image_id=245 file_name=DJI_0334_1_3.JPG reason=file_not_found
2026-01-16 17:42:36,938 | WARNING | [SKIP] image_id=246 file_name=DJI_0375_0_4.JPG reason=file_not_found
2026-01-16 17:42:36,938 | WARNING | [SKIP] image_id=247 file_name=DJI_0162_0_2.JPG reason=file_not_found
2026-01-16 17:42:36,944 | WARNING | [SKIP] image_id=248 file_name=DJI_0162_0_3.JPG reason=file_not_found
2026-01-16 17:42:36,944 | WARNING | [SKIP] image_id=249 file_name=DJI_0162_1_2.JPG reason=file_not_found
2026-01-16 17:42:36,944 | WARNING | [SKIP] image_id=250 file_name=DJI_0704_1_2.JPG reason=file_not_found
2026-01-16 17:42:36,944 | WARNING | [SKIP] image_id=251 file_name=DJI_0692_0_2.JPG reason=file_not_found
2026-01-16 17:42:36,944 | WARNING | [SKIP] image_id=252 file_name=DJI_0692_1_2.JPG reason=file_not_found
2026-01-16 17:42:36,944 | WARNING | [SKIP] image_id=253 file_name=DJI_0692_1_3.JPG reason=file_not_found
2026-01-16 17:42:36,945 | WARNING | [SKIP] image_id=254 file_name=DJI_0044_1_0.JPG reason=file_not_found
2026-01-16 17:42:36,945 | WARNING | [SKIP] image_id=255 file_name=DJI_0044_1_1.JPG reason=file_not_found
2026-01-16 17:42:36,945 | WARNING | [SKIP] image_id=256 file_name=DJI_0425_1_3.JPG reason=file_not_found
2026-01-16 17:42:36,945 | WARNING | [SKIP] image_id=257 file_name=DJI_0436_1_4.JPG reason=file_not_found
2026-01-16 17:42:36,945 | WARNING | [SKIP] image_id=258 file_name=DJI_0196_1_2.JPG reason=file_not_found
2026-01-16 17:42:36,945 | WARNING | [SKIP] image_id=259 file_name=DJI_0196_1_4.JPG reason=file_not_found
2026-01-16 17:42:36,945 | WARNING | [SKIP] image_id=260 file_name=DJI_0010_0_3.JPG reason=file_not_found
2026-01-16 17:42:36,945 | WARNING | [SKIP] image_id=261 file_name=DJI_0010_0_4.JPG reason=file_not_found
2026-01-16 17:42:36,947 | WARNING | [SKIP] image_id=262 file_name=DJI_0010_1_2.JPG reason=file_not_found
2026-01-16 17:42:36,947 | WARNING | [SKIP] image_id=263 file_name=DJI_0748_0_1.JPG reason=file_not_found
2026-01-16 17:42:36,947 | WARNING | [SKIP] image_id=264 file_name=DJI_0748_1_1.JPG reason=file_not_found
2026-01-16 17:42:36,947 | WARNING | [SKIP] image_id=265 file_name=DJI_0748_1_3.JPG reason=file_not_found
2026-01-16 17:42:36,947 | WARNING | [SKIP] image_id=266 file_name=DJI_0698_0_2.JPG reason=file_not_found
2026-01-16 17:42:36,947 | WARNING | [SKIP] image_id=267 file_name=DJI_0626_0_2.JPG reason=file_not_found
2026-01-16 17:42:36,947 | WARNING | [SKIP] image_id=268 file_name=DJI_0753_1_4.JPG reason=file_not_found
2026-01-16 17:42:36,947 | WARNING | [SKIP] image_id=269 file_name=DJI_0685_0_1.JPG reason=file_not_found
2026-01-16 17:42:36,947 | WARNING | [SKIP] image_id=270 file_name=DJI_0685_0_2.JPG reason=file_not_found
2026-01-16 17:42:36,947 | WARNING | [SKIP] image_id=271 file_name=DJI_0685_1_1.JPG reason=file_not_found
2026-01-16 17:42:36,948 | WARNING | [SKIP] image_id=272 file_name=DJI_0032_0_2.JPG reason=file_not_found
2026-01-16 17:42:36,948 | WARNING | [SKIP] image_id=273 file_name=DJI_0032_1_2.JPG reason=file_not_found
2026-01-16 17:42:36,948 | WARNING | [SKIP] image_id=274 file_name=DJI_0005_0_3.JPG reason=file_not_found
2026-01-16 17:42:36,948 | WARNING | [SKIP] image_id=275 file_name=DJI_0393_0_4.JPG reason=file_not_found
2026-01-16 17:42:36,948 | WARNING | [SKIP] image_id=276 file_name=DJI_0393_1_4.JPG reason=file_not_found
2026-01-16 17:42:36,948 | WARNING | [SKIP] image_id=277 file_name=DJI_0333_0_4.JPG reason=file_not_found
2026-01-16 17:42:36,948 | WARNING | [SKIP] image_id=278 file_name=DJI_0333_1_3.JPG reason=file_not_found
2026-01-16 17:42:36,948 | WARNING | [SKIP] image_id=279 file_name=DJI_0204_0_2.JPG reason=file_not_found
2026-01-16 17:42:36,948 | WARNING | [SKIP] image_id=280 file_name=DJI_0204_1_2.JPG reason=file_not_found
2026-01-16 17:42:36,948 | WARNING | [SKIP] image_id=281 file_name=DJI_0161_0_2.JPG reason=file_not_found
2026-01-16 17:42:36,948 | WARNING | [SKIP] image_id=282 file_name=DJI_0161_0_3.JPG reason=file_not_found
2026-01-16 17:42:36,950 | WARNING | [SKIP] image_id=283 file_name=DJI_0161_1_2.JPG reason=file_not_found
2026-01-16 17:42:36,950 | WARNING | [SKIP] image_id=284 file_name=DJI_0108_0_1.JPG reason=file_not_found
2026-01-16 17:42:36,950 | WARNING | [SKIP] image_id=285 file_name=DJI_0108_1_2.JPG reason=file_not_found
2026-01-16 17:42:36,950 | WARNING | [SKIP] image_id=286 file_name=DJI_0022_0_2.JPG reason=file_not_found
2026-01-16 17:42:36,950 | WARNING | [SKIP] image_id=287 file_name=DJI_0022_1_4.JPG reason=file_not_found
2026-01-16 17:42:36,950 | WARNING | [SKIP] image_id=288 file_name=DJI_0056_0_3.JPG reason=file_not_found
2026-01-16 17:42:36,950 | WARNING | [SKIP] image_id=289 file_name=DJI_0056_1_3.JPG reason=file_not_found
2026-01-16 17:42:36,951 | WARNING | [SKIP] image_id=290 file_name=DJI_0754_1_4.JPG reason=file_not_found
2026-01-16 17:42:36,951 | WARNING | [SKIP] image_id=291 file_name=DJI_0159_0_3.JPG reason=file_not_found
2026-01-16 17:42:36,951 | WARNING | [SKIP] image_id=292 file_name=DJI_0159_1_2.JPG reason=file_not_found
2026-01-16 17:42:36,951 | WARNING | [SKIP] image_id=293 file_name=DJI_0134_0_0.JPG reason=file_not_found
2026-01-16 17:42:36,951 | WARNING | [SKIP] image_id=294 file_name=DJI_0415_1_3.JPG reason=file_not_found
2026-01-16 17:42:36,951 | WARNING | [SKIP] image_id=295 file_name=DJI_0107_0_1.JPG reason=file_not_found
2026-01-16 17:42:36,951 | WARNING | [SKIP] image_id=296 file_name=DJI_0107_1_2.JPG reason=file_not_found
2026-01-16 17:42:36,952 | WARNING | [SKIP] image_id=297 file_name=DJI_0705_0_1.JPG reason=file_not_found
2026-01-16 17:42:36,952 | WARNING | [SKIP] image_id=298 file_name=DJI_0444_1_0.JPG reason=file_not_found
2026-01-16 17:42:36,952 | WARNING | [SKIP] image_id=299 file_name=DJI_0423_1_4.JPG reason=file_not_found
2026-01-16 17:42:36,952 | WARNING | [SKIP] image_id=300 file_name=DJI_0432_0_2.JPG reason=file_not_found
2026-01-16 17:42:36,952 | WARNING | [SKIP] image_id=301 file_name=DJI_0432_1_0.JPG reason=file_not_found
2026-01-16 17:42:36,952 | WARNING | [SKIP] image_id=302 file_name=DJI_0432_1_2.JPG reason=file_not_found
2026-01-16 17:42:36,953 | WARNING | [SKIP] image_id=303 file_name=DJI_0361_1_2.JPG reason=file_not_found
2026-01-16 17:42:36,953 | WARNING | [SKIP] image_id=304 file_name=DJI_0175_0_2.JPG reason=file_not_found
2026-01-16 17:42:36,953 | WARNING | [SKIP] image_id=305 file_name=DJI_0175_1_2.JPG reason=file_not_found
2026-01-16 17:42:36,953 | WARNING | [SKIP] image_id=306 file_name=DJI_0028_0_2.JPG reason=file_not_found
2026-01-16 17:42:36,953 | WARNING | [SKIP] image_id=307 file_name=DJI_0028_1_2.JPG reason=file_not_found
2026-01-16 17:42:36,953 | WARNING | [SKIP] image_id=308 file_name=DJI_0028_1_3.JPG reason=file_not_found
2026-01-16 17:42:36,953 | WARNING | [SKIP] image_id=309 file_name=DJI_0028_1_4.JPG reason=file_not_found
2026-01-16 17:42:36,953 | WARNING | [SKIP] image_id=310 file_name=DJI_0243_1_2.JPG reason=file_not_found
2026-01-16 17:42:36,953 | WARNING | [SKIP] image_id=311 file_name=DJI_0098_0_0.JPG reason=file_not_found
2026-01-16 17:42:36,953 | WARNING | [SKIP] image_id=312 file_name=DJI_0098_0_1.JPG reason=file_not_found
2026-01-16 17:42:36,953 | WARNING | [SKIP] image_id=313 file_name=DJI_0098_1_2.JPG reason=file_not_found
2026-01-16 17:42:36,953 | WARNING | [SKIP] image_id=314 file_name=DJI_0995_0_1.JPG reason=file_not_found
2026-01-16 17:42:36,953 | WARNING | [SKIP] image_id=315 file_name=DJI_0211_0_2.JPG reason=file_not_found
2026-01-16 17:42:36,953 | WARNING | [SKIP] image_id=316 file_name=DJI_0060_1_3.JPG reason=file_not_found
2026-01-16 17:42:36,953 | WARNING | [SKIP] image_id=317 file_name=DJI_0234_0_2.JPG reason=file_not_found
2026-01-16 17:42:36,953 | WARNING | [SKIP] image_id=318 file_name=DJI_0234_1_2.JPG reason=file_not_found
2026-01-16 17:42:36,953 | WARNING | [SKIP] image_id=319 file_name=DJI_0210_0_2.JPG reason=file_not_found
2026-01-16 17:42:36,956 | WARNING | [SKIP] image_id=320 file_name=DJI_0024_0_1.JPG reason=file_not_found
2026-01-16 17:42:36,956 | WARNING | [SKIP] image_id=321 file_name=DJI_0024_0_2.JPG reason=file_not_found
2026-01-16 17:42:36,956 | WARNING | [SKIP] image_id=322 file_name=DJI_0024_1_2.JPG reason=file_not_found
2026-01-16 17:42:36,956 | WARNING | [SKIP] image_id=323 file_name=DJI_0024_1_4.JPG reason=file_not_found
2026-01-16 17:42:36,956 | WARNING | [SKIP] image_id=324 file_name=DJI_0689_0_1.JPG reason=file_not_found
2026-01-16 17:42:36,956 | WARNING | [SKIP] image_id=325 file_name=DJI_0689_0_2.JPG reason=file_not_found
2026-01-16 17:42:36,956 | WARNING | [SKIP] image_id=326 file_name=DJI_0689_1_2.JPG reason=file_not_found
2026-01-16 17:42:36,956 | WARNING | [SKIP] image_id=327 file_name=DJI_0689_1_3.JPG reason=file_not_found
2026-01-16 17:42:36,957 | WARNING | [SKIP] image_id=328 file_name=DJI_0417_1_4.JPG reason=file_not_found
2026-01-16 17:42:36,957 | WARNING | [SKIP] image_id=329 file_name=DJI_0100_0_1.JPG reason=file_not_found
2026-01-16 17:42:36,957 | WARNING | [SKIP] image_id=330 file_name=DJI_0100_1_3.JPG reason=file_not_found
2026-01-16 17:42:36,957 | WARNING | [SKIP] image_id=331 file_name=DJI_0749_1_1.JPG reason=file_not_found
2026-01-16 17:42:36,957 | WARNING | [SKIP] image_id=332 file_name=DJI_0749_1_3.JPG reason=file_not_found
2026-01-16 17:42:36,957 | WARNING | [SKIP] image_id=333 file_name=DJI_0194_1_1.JPG reason=file_not_found
2026-01-16 17:42:36,957 | WARNING | [SKIP] image_id=334 file_name=DJI_0194_1_4.JPG reason=file_not_found
2026-01-16 17:42:36,957 | WARNING | [SKIP] image_id=335 file_name=DJI_0114_1_2.JPG reason=file_not_found
2026-01-16 17:42:36,958 | WARNING | [SKIP] image_id=336 file_name=DJI_0245_1_2.JPG reason=file_not_found
2026-01-16 17:42:36,958 | WARNING | [SKIP] image_id=337 file_name=DJI_0025_0_1.JPG reason=file_not_found
2026-01-16 17:42:36,958 | WARNING | [SKIP] image_id=338 file_name=DJI_0025_0_2.JPG reason=file_not_found
2026-01-16 17:42:36,958 | WARNING | [SKIP] image_id=339 file_name=DJI_0025_1_3.JPG reason=file_not_found
2026-01-16 17:42:36,958 | WARNING | [SKIP] image_id=340 file_name=DJI_0018_0_2.JPG reason=file_not_found
2026-01-16 17:42:36,958 | WARNING | [SKIP] image_id=341 file_name=DJI_0018_0_3.JPG reason=file_not_found
2026-01-16 17:42:36,958 | WARNING | [SKIP] image_id=342 file_name=DJI_0018_0_4.JPG reason=file_not_found
2026-01-16 17:42:36,958 | WARNING | [SKIP] image_id=343 file_name=DJI_0018_1_1.JPG reason=file_not_found
2026-01-16 17:42:36,958 | WARNING | [SKIP] image_id=344 file_name=DJI_0382_0_2.JPG reason=file_not_found
2026-01-16 17:42:36,958 | WARNING | [SKIP] image_id=345 file_name=DJI_0382_0_3.JPG reason=file_not_found
2026-01-16 17:42:36,960 | WARNING | [SKIP] image_id=346 file_name=DJI_0429_1_2.JPG reason=file_not_found
2026-01-16 17:42:36,960 | WARNING | [SKIP] image_id=347 file_name=DJI_0429_1_3.JPG reason=file_not_found
2026-01-16 17:42:36,960 | WARNING | [SKIP] image_id=348 file_name=DJI_0429_1_4.JPG reason=file_not_found
2026-01-16 17:42:36,960 | WARNING | [SKIP] image_id=349 file_name=DJI_0057_1_3.JPG reason=file_not_found
2026-01-16 17:42:36,960 | WARNING | [SKIP] image_id=350 file_name=DJI_0118_0_2.JPG reason=file_not_found
2026-01-16 17:42:36,960 | WARNING | [SKIP] image_id=351 file_name=DJI_0118_1_2.JPG reason=file_not_found
2026-01-16 17:42:36,960 | WARNING | [SKIP] image_id=352 file_name=DJI_0388_0_4.JPG reason=file_not_found
2026-01-16 17:42:36,960 | WARNING | [SKIP] image_id=353 file_name=DJI_0105_0_1.JPG reason=file_not_found
2026-01-16 17:42:36,961 | WARNING | [SKIP] image_id=354 file_name=DJI_0105_1_2.JPG reason=file_not_found
2026-01-16 17:42:36,961 | WARNING | [SKIP] image_id=355 file_name=DJI_0105_1_3.JPG reason=file_not_found
2026-01-16 17:42:36,961 | WARNING | [SKIP] image_id=356 file_name=DJI_0338_0_3.JPG reason=file_not_found
2026-01-16 17:42:36,961 | WARNING | [SKIP] image_id=357 file_name=DJI_0338_0_4.JPG reason=file_not_found
2026-01-16 17:42:36,961 | WARNING | [SKIP] image_id=358 file_name=DJI_0336_0_4.JPG reason=file_not_found
2026-01-16 17:42:36,961 | WARNING | [SKIP] image_id=359 file_name=DJI_0336_1_3.JPG reason=file_not_found
2026-01-16 17:42:36,962 | WARNING | [SKIP] image_id=360 file_name=DJI_0410_0_2.JPG reason=file_not_found
2026-01-16 17:42:36,962 | WARNING | [SKIP] image_id=361 file_name=DJI_0410_1_2.JPG reason=file_not_found
2026-01-16 17:42:36,962 | WARNING | [SKIP] image_id=362 file_name=DJI_0122_0_3.JPG reason=file_not_found
2026-01-16 17:42:36,962 | WARNING | [SKIP] image_id=363 file_name=DJI_0122_1_2.JPG reason=file_not_found
2026-01-16 17:42:36,962 | WARNING | [SKIP] image_id=364 file_name=DJI_0207_1_2.JPG reason=file_not_found
2026-01-16 17:42:36,962 | WARNING | [SKIP] image_id=365 file_name=DJI_0034_0_2.JPG reason=file_not_found
2026-01-16 17:42:36,962 | WARNING | [SKIP] image_id=366 file_name=DJI_0034_1_2.JPG reason=file_not_found
2026-01-16 17:42:36,962 | WARNING | [SKIP] image_id=367 file_name=DJI_0027_0_1.JPG reason=file_not_found
2026-01-16 17:42:36,962 | WARNING | [SKIP] image_id=368 file_name=DJI_0027_0_2.JPG reason=file_not_found
2026-01-16 17:42:36,962 | WARNING | [SKIP] image_id=369 file_name=DJI_0027_1_2.JPG reason=file_not_found
2026-01-16 17:42:36,962 | WARNING | [SKIP] image_id=370 file_name=DJI_0027_1_4.JPG reason=file_not_found
2026-01-16 17:42:36,962 | WARNING | [SKIP] image_id=371 file_name=DJI_0386_0_4.JPG reason=file_not_found
2026-01-16 17:42:36,962 | WARNING | [SKIP] image_id=372 file_name=DJI_0199_1_1.JPG reason=file_not_found
2026-01-16 17:42:36,962 | WARNING | [SKIP] image_id=373 file_name=DJI_0199_1_3.JPG reason=file_not_found
2026-01-16 17:42:36,962 | WARNING | [SKIP] image_id=374 file_name=DJI_0049_0_3.JPG reason=file_not_found
2026-01-16 17:42:36,962 | WARNING | [SKIP] image_id=375 file_name=DJI_0035_0_2.JPG reason=file_not_found
2026-01-16 17:42:36,964 | WARNING | [SKIP] image_id=376 file_name=DJI_0035_1_2.JPG reason=file_not_found
2026-01-16 17:42:36,964 | WARNING | [SKIP] image_id=377 file_name=DJI_0424_1_3.JPG reason=file_not_found
2026-01-16 17:42:36,964 | WARNING | [SKIP] image_id=378 file_name=DJI_0424_1_4.JPG reason=file_not_found
2026-01-16 17:42:36,964 | WARNING | [SKIP] image_id=379 file_name=DJI_0414_1_3.JPG reason=file_not_found
2026-01-16 17:42:36,964 | WARNING | [SKIP] image_id=380 file_name=DJI_0414_1_4.JPG reason=file_not_found
2026-01-16 17:42:36,964 | WARNING | [SKIP] image_id=381 file_name=DJI_0216_1_2.JPG reason=file_not_found
2026-01-16 17:42:36,966 | WARNING | [SKIP] image_id=382 file_name=DJI_0377_0_4.JPG reason=file_not_found
2026-01-16 17:42:36,966 | WARNING | [SKIP] image_id=383 file_name=DJI_0328_1_2.JPG reason=file_not_found
2026-01-16 17:42:36,966 | WARNING | [SKIP] image_id=384 file_name=DJI_0213_0_2.JPG reason=file_not_found
2026-01-16 17:42:36,966 | WARNING | [SKIP] image_id=385 file_name=DJI_0213_1_2.JPG reason=file_not_found
2026-01-16 17:42:36,966 | WARNING | [SKIP] image_id=386 file_name=DJI_0625_0_2.JPG reason=file_not_found
2026-01-16 17:42:36,966 | WARNING | [SKIP] image_id=387 file_name=DJI_0625_0_3.JPG reason=file_not_found
2026-01-16 17:42:36,967 | WARNING | [SKIP] image_id=388 file_name=DJI_0165_0_2.JPG reason=file_not_found
2026-01-16 17:42:36,967 | WARNING | [SKIP] image_id=389 file_name=DJI_0165_0_3.JPG reason=file_not_found
2026-01-16 17:42:36,967 | WARNING | [SKIP] image_id=390 file_name=DJI_0128_1_1.JPG reason=file_not_found
2026-01-16 17:42:36,967 | WARNING | [SKIP] image_id=391 file_name=DJI_0195_1_2.JPG reason=file_not_found
2026-01-16 17:42:36,967 | WARNING | [SKIP] image_id=392 file_name=DJI_0195_1_4.JPG reason=file_not_found
2026-01-16 17:42:36,967 | WARNING | [SKIP] image_id=393 file_name=DJI_0621_1_2.JPG reason=file_not_found
2026-01-16 17:42:36,967 | WARNING | [SKIP] image_id=394 file_name=DJI_0621_1_3.JPG reason=file_not_found
2026-01-16 17:42:36,967 | WARNING | [SKIP] image_id=395 file_name=DJI_0011_0_3.JPG reason=file_not_found
2026-01-16 17:42:36,967 | WARNING | [SKIP] image_id=396 file_name=DJI_0011_1_2.JPG reason=file_not_found
2026-01-16 17:42:36,968 | WARNING | [SKIP] image_id=397 file_name=DJI_0050_0_2.JPG reason=file_not_found
2026-01-16 17:42:36,968 | WARNING | [SKIP] image_id=398 file_name=DJI_0050_0_3.JPG reason=file_not_found
2026-01-16 17:42:36,968 | WARNING | [SKIP] image_id=399 file_name=DJI_0707_0_1.JPG reason=file_not_found
2026-01-16 17:42:36,968 | WARNING | [SKIP] image_id=400 file_name=DJI_0707_1_2.JPG reason=file_not_found
2026-01-16 17:42:36,968 | WARNING | [SKIP] image_id=401 file_name=DJI_0750_0_1.JPG reason=file_not_found
2026-01-16 17:42:36,968 | WARNING | [SKIP] image_id=402 file_name=DJI_0750_1_1.JPG reason=file_not_found
2026-01-16 17:42:36,968 | WARNING | [SKIP] image_id=403 file_name=DJI_0750_1_4.JPG reason=file_not_found
2026-01-16 17:42:36,968 | WARNING | [SKIP] image_id=404 file_name=DJI_0448_1_2.JPG reason=file_not_found
2026-01-16 17:42:36,969 | WARNING | [SKIP] image_id=405 file_name=DJI_0437_1_2.JPG reason=file_not_found
2026-01-16 17:42:36,969 | WARNING | [SKIP] image_id=406 file_name=DJI_0686_0_2.JPG reason=file_not_found
2026-01-16 17:42:36,969 | WARNING | [SKIP] image_id=407 file_name=DJI_0686_0_3.JPG reason=file_not_found
2026-01-16 17:42:36,969 | WARNING | [SKIP] image_id=408 file_name=DJI_0686_1_2.JPG reason=file_not_found
2026-01-16 17:42:36,969 | WARNING | [SKIP] image_id=409 file_name=DJI_0686_1_3.JPG reason=file_not_found
2026-01-16 17:42:36,969 | WARNING | [SKIP] image_id=410 file_name=DJI_0197_1_1.JPG reason=file_not_found
2026-01-16 17:42:36,969 | WARNING | [SKIP] image_id=411 file_name=DJI_0197_1_2.JPG reason=file_not_found
2026-01-16 17:42:36,970 | WARNING | [SKIP] image_id=412 file_name=DJI_0197_1_4.JPG reason=file_not_found
2026-01-16 17:42:36,970 | WARNING | [SKIP] image_id=413 file_name=DJI_0431_1_1.JPG reason=file_not_found
2026-01-16 17:42:36,970 | WARNING | [SKIP] image_id=414 file_name=DJI_0431_1_4.JPG reason=file_not_found
2026-01-16 17:42:36,970 | WARNING | [SKIP] image_id=415 file_name=DJI_0200_0_2.JPG reason=file_not_found
2026-01-16 17:42:36,970 | WARNING | [SKIP] image_id=416 file_name=DJI_0200_0_3.JPG reason=file_not_found
2026-01-16 17:42:36,970 | WARNING | [SKIP] image_id=417 file_name=DJI_0200_1_1.JPG reason=file_not_found
2026-01-16 17:42:36,970 | WARNING | [SKIP] image_id=418 file_name=DJI_0200_1_2.JPG reason=file_not_found
2026-01-16 17:42:36,970 | WARNING | [SKIP] image_id=419 file_name=DJI_0200_1_3.JPG reason=file_not_found
2026-01-16 17:42:36,970 | WARNING | [SKIP] image_id=420 file_name=DJI_0618_0_2.JPG reason=file_not_found
2026-01-16 17:42:36,970 | WARNING | [SKIP] image_id=421 file_name=DJI_0618_1_1.JPG reason=file_not_found
2026-01-16 17:42:36,970 | WARNING | [SKIP] image_id=422 file_name=DJI_0445_1_4.JPG reason=file_not_found
2026-01-16 17:42:36,970 | INFO | Gespeichert: 0
2026-01-16 17:42:36,970 | INFO | Uebersprungen: 423
2026-01-16 17:42:36,970 | INFO | Fehlerklassen: {'file_not_found': 423}
2026-01-16 17:42:36,970 | WARNING | Keine Kategorien fuer Stratified Sampling gefunden.
2026-01-16 18:05:58,146 | INFO | Gefundene Bilder (im JSON): 48
2026-01-16 18:05:58,161 | INFO | Gefundene Annotationen: 142
2026-01-16 18:05:58,161 | INFO | Bilder werden geladen aus: C:\Users\larsb\Desktop\WS2025\GenAi\Genai-G63\Data_Preprossesing\test_images
2026-01-16 18:05:58,161 | INFO | Output-Ordner: C:\Users\larsb\Desktop\WS2025\GenAi\Genai-G63\Data_Preprossesing\viz_output
2026-01-16 18:06:01,717 | INFO | Fortschritt: 25/48 gespeichert...
2026-01-16 18:06:05,007 | INFO | Gespeichert: 48
2026-01-16 18:06:05,008 | INFO | Uebersprungen: 0
2026-01-16 18:06:05,008 | INFO | Fehlerklassen: {}
2026-01-16 18:06:05,010 | INFO | Stratified Sample Counts: {0: 17, 1: 17, 2: 2, 3: 2, 4: 2}
2026-01-16 18:06:05,013 | INFO | Sample-Liste geschrieben: C:\Users\larsb\Desktop\WS2025\GenAi\Genai-G63\Data_Preprossesing\sub_dataset_40.txt
2026-01-16 18:34:55,773 | INFO | Gefundene Bilder (im JSON): 93
2026-01-16 18:34:55,774 | INFO | Gefundene Annotationen: 124
2026-01-16 18:34:55,774 | INFO | Bilder werden geladen aus: C:\Users\larsb\Desktop\WS2025\GenAi\Genai-G63\Data_Preprossesing\slice_images_test
2026-01-16 18:34:55,774 | INFO | Output-Ordner: C:\Users\larsb\Desktop\WS2025\GenAi\Genai-G63\Data_Preprossesing\viz_output
2026-01-16 18:34:55,774 | WARNING | [SKIP] image_id=0 file_name=DJI_0102_0_1.JPG reason=file_not_found
2026-01-16 18:34:55,774 | WARNING | [SKIP] image_id=1 file_name=DJI_0102_1_2.JPG reason=file_not_found
2026-01-16 18:34:55,774 | WARNING | [SKIP] image_id=2 file_name=DJI_0102_1_3.JPG reason=file_not_found
2026-01-16 18:34:55,774 | WARNING | [SKIP] image_id=3 file_name=DJI_0015_0_2.JPG reason=file_not_found
2026-01-16 18:34:55,781 | WARNING | [SKIP] image_id=4 file_name=DJI_0015_0_3.JPG reason=file_not_found
2026-01-16 18:34:55,781 | WARNING | [SKIP] image_id=5 file_name=DJI_0015_0_4.JPG reason=file_not_found
2026-01-16 18:34:55,781 | WARNING | [SKIP] image_id=6 file_name=DJI_0015_1_1.JPG reason=file_not_found
2026-01-16 18:34:55,781 | WARNING | [SKIP] image_id=7 file_name=DJI_0170_0_3.JPG reason=file_not_found
2026-01-16 18:34:55,782 | WARNING | [SKIP] image_id=8 file_name=DJI_0170_1_4.JPG reason=file_not_found
2026-01-16 18:34:55,782 | WARNING | [SKIP] image_id=9 file_name=DJI_0376_0_4.JPG reason=file_not_found
2026-01-16 18:34:55,782 | WARNING | [SKIP] image_id=10 file_name=DJI_0699_1_2.JPG reason=file_not_found
2026-01-16 18:34:55,782 | WARNING | [SKIP] image_id=11 file_name=DJI_0699_1_3.JPG reason=file_not_found
2026-01-16 18:34:55,782 | WARNING | [SKIP] image_id=12 file_name=DJI_0434_1_4.JPG reason=file_not_found
2026-01-16 18:34:55,783 | WARNING | [SKIP] image_id=13 file_name=DJI_0359_1_2.JPG reason=file_not_found
2026-01-16 18:34:55,783 | WARNING | [SKIP] image_id=14 file_name=DJI_0091_0_0.JPG reason=file_not_found
2026-01-16 18:34:55,783 | WARNING | [SKIP] image_id=15 file_name=DJI_0091_0_1.JPG reason=file_not_found
2026-01-16 18:34:55,783 | WARNING | [SKIP] image_id=16 file_name=DJI_0091_1_2.JPG reason=file_not_found
2026-01-16 18:34:55,784 | WARNING | [SKIP] image_id=17 file_name=DJI_0395_0_3.JPG reason=file_not_found
2026-01-16 18:34:55,784 | WARNING | [SKIP] image_id=18 file_name=DJI_0395_0_4.JPG reason=file_not_found
2026-01-16 18:34:55,784 | WARNING | [SKIP] image_id=19 file_name=DJI_0182_1_0.JPG reason=file_not_found
2026-01-16 18:34:55,784 | WARNING | [SKIP] image_id=20 file_name=DJI_0624_0_3.JPG reason=file_not_found
2026-01-16 18:34:55,784 | WARNING | [SKIP] image_id=21 file_name=DJI_0054_0_3.JPG reason=file_not_found
2026-01-16 18:34:55,785 | WARNING | [SKIP] image_id=22 file_name=DJI_0054_1_3.JPG reason=file_not_found
2026-01-16 18:34:55,785 | WARNING | [SKIP] image_id=23 file_name=DJI_0036_1_1.JPG reason=file_not_found
2026-01-16 18:34:55,785 | WARNING | [SKIP] image_id=24 file_name=DJI_0036_1_2.JPG reason=file_not_found
2026-01-16 18:34:55,786 | WARNING | [SKIP] image_id=25 file_name=DJI_0180_1_1.JPG reason=file_not_found
2026-01-16 18:34:55,786 | WARNING | [SKIP] image_id=26 file_name=DJI_0703_1_2.JPG reason=file_not_found
2026-01-16 18:34:55,786 | WARNING | [SKIP] image_id=27 file_name=DJI_0184_0_0.JPG reason=file_not_found
2026-01-16 18:34:55,786 | WARNING | [SKIP] image_id=28 file_name=DJI_0112_0_1.JPG reason=file_not_found
2026-01-16 18:34:55,786 | WARNING | [SKIP] image_id=29 file_name=DJI_0112_1_2.JPG reason=file_not_found
2026-01-16 18:34:55,786 | WARNING | [SKIP] image_id=30 file_name=DJI_0055_0_3.JPG reason=file_not_found
2026-01-16 18:34:55,786 | WARNING | [SKIP] image_id=31 file_name=DJI_0055_1_3.JPG reason=file_not_found
2026-01-16 18:34:55,786 | WARNING | [SKIP] image_id=32 file_name=DJI_0710_0_1.JPG reason=file_not_found
2026-01-16 18:34:55,786 | WARNING | [SKIP] image_id=33 file_name=DJI_0710_0_2.JPG reason=file_not_found
2026-01-16 18:34:55,786 | WARNING | [SKIP] image_id=34 file_name=DJI_0710_1_2.JPG reason=file_not_found
2026-01-16 18:34:55,786 | WARNING | [SKIP] image_id=35 file_name=DJI_0710_1_3.JPG reason=file_not_found
2026-01-16 18:34:55,786 | WARNING | [SKIP] image_id=36 file_name=DJI_0206_0_2.JPG reason=file_not_found
2026-01-16 18:34:55,786 | WARNING | [SKIP] image_id=37 file_name=DJI_0206_1_2.JPG reason=file_not_found
2026-01-16 18:34:55,786 | WARNING | [SKIP] image_id=38 file_name=DJI_0413_0_2.JPG reason=file_not_found
2026-01-16 18:34:55,786 | WARNING | [SKIP] image_id=39 file_name=DJI_0413_1_3.JPG reason=file_not_found
2026-01-16 18:34:55,786 | WARNING | [SKIP] image_id=40 file_name=DJI_0413_1_4.JPG reason=file_not_found
2026-01-16 18:34:55,786 | WARNING | [SKIP] image_id=41 file_name=DJI_0433_1_1.JPG reason=file_not_found
2026-01-16 18:34:55,786 | WARNING | [SKIP] image_id=42 file_name=DJI_0357_0_3.JPG reason=file_not_found
2026-01-16 18:34:55,786 | WARNING | [SKIP] image_id=43 file_name=DJI_0203_0_2.JPG reason=file_not_found
2026-01-16 18:34:55,786 | WARNING | [SKIP] image_id=44 file_name=DJI_0203_1_2.JPG reason=file_not_found
2026-01-16 18:34:55,786 | WARNING | [SKIP] image_id=45 file_name=DJI_0174_0_2.JPG reason=file_not_found
2026-01-16 18:34:55,786 | WARNING | [SKIP] image_id=46 file_name=DJI_0174_1_2.JPG reason=file_not_found
2026-01-16 18:34:55,786 | WARNING | [SKIP] image_id=47 file_name=DJI_0174_1_3.JPG reason=file_not_found
2026-01-16 18:34:55,786 | WARNING | [SKIP] image_id=48 file_name=DJI_0694_0_2.JPG reason=file_not_found
2026-01-16 18:34:55,786 | WARNING | [SKIP] image_id=49 file_name=DJI_0694_1_3.JPG reason=file_not_found
2026-01-16 18:34:55,786 | WARNING | [SKIP] image_id=50 file_name=DJI_0191_1_0.JPG reason=file_not_found
2026-01-16 18:34:55,786 | WARNING | [SKIP] image_id=51 file_name=DJI_0191_1_2.JPG reason=file_not_found
2026-01-16 18:34:55,786 | WARNING | [SKIP] image_id=52 file_name=DJI_0978_1_0.JPG reason=file_not_found
2026-01-16 18:34:55,786 | WARNING | [SKIP] image_id=53 file_name=DJI_0687_0_2.JPG reason=file_not_found
2026-01-16 18:34:55,786 | WARNING | [SKIP] image_id=54 file_name=DJI_0687_1_2.JPG reason=file_not_found
2026-01-16 18:34:55,786 | WARNING | [SKIP] image_id=55 file_name=DJI_0687_1_3.JPG reason=file_not_found
2026-01-16 18:34:55,791 | WARNING | [SKIP] image_id=56 file_name=DJI_0053_0_3.JPG reason=file_not_found
2026-01-16 18:34:55,791 | WARNING | [SKIP] image_id=57 file_name=DJI_0053_1_3.JPG reason=file_not_found
2026-01-16 18:34:55,791 | WARNING | [SKIP] image_id=58 file_name=DJI_0111_0_1.JPG reason=file_not_found
2026-01-16 18:34:55,791 | WARNING | [SKIP] image_id=59 file_name=DJI_0111_1_2.JPG reason=file_not_found
2026-01-16 18:34:55,791 | WARNING | [SKIP] image_id=60 file_name=DJI_0038_1_1.JPG reason=file_not_found
2026-01-16 18:34:55,792 | WARNING | [SKIP] image_id=61 file_name=DJI_0038_1_2.JPG reason=file_not_found
2026-01-16 18:34:55,792 | WARNING | [SKIP] image_id=62 file_name=DJI_0706_0_1.JPG reason=file_not_found
2026-01-16 18:34:55,792 | WARNING | [SKIP] image_id=63 file_name=DJI_0706_1_2.JPG reason=file_not_found
2026-01-16 18:34:55,792 | WARNING | [SKIP] image_id=64 file_name=DJI_0706_1_3.JPG reason=file_not_found
2026-01-16 18:34:55,792 | WARNING | [SKIP] image_id=65 file_name=DJI_0181_1_1.JPG reason=file_not_found
2026-01-16 18:34:55,792 | WARNING | [SKIP] image_id=66 file_name=DJI_0327_1_1.JPG reason=file_not_found
2026-01-16 18:34:55,793 | WARNING | [SKIP] image_id=67 file_name=DJI_0169_0_3.JPG reason=file_not_found
2026-01-16 18:34:55,793 | WARNING | [SKIP] image_id=68 file_name=DJI_0169_0_4.JPG reason=file_not_found
2026-01-16 18:34:55,793 | WARNING | [SKIP] image_id=69 file_name=DJI_0169_1_2.JPG reason=file_not_found
2026-01-16 18:34:55,793 | WARNING | [SKIP] image_id=70 file_name=DJI_0747_0_1.JPG reason=file_not_found
2026-01-16 18:34:55,793 | WARNING | [SKIP] image_id=71 file_name=DJI_0747_0_2.JPG reason=file_not_found
2026-01-16 18:34:55,794 | WARNING | [SKIP] image_id=72 file_name=DJI_0747_1_1.JPG reason=file_not_found
2026-01-16 18:34:55,794 | WARNING | [SKIP] image_id=73 file_name=DJI_0747_1_2.JPG reason=file_not_found
2026-01-16 18:34:55,794 | WARNING | [SKIP] image_id=74 file_name=DJI_0616_0_2.JPG reason=file_not_found
2026-01-16 18:34:55,794 | WARNING | [SKIP] image_id=75 file_name=DJI_0616_1_1.JPG reason=file_not_found
2026-01-16 18:34:55,794 | WARNING | [SKIP] image_id=76 file_name=DJI_0616_1_2.JPG reason=file_not_found
2026-01-16 18:34:55,795 | WARNING | [SKIP] image_id=77 file_name=DJI_0157_0_3.JPG reason=file_not_found
2026-01-16 18:34:55,795 | WARNING | [SKIP] image_id=78 file_name=DJI_0157_1_2.JPG reason=file_not_found
2026-01-16 18:34:55,795 | WARNING | [SKIP] image_id=79 file_name=DJI_0029_0_2.JPG reason=file_not_found
2026-01-16 18:34:55,796 | WARNING | [SKIP] image_id=80 file_name=DJI_0029_1_2.JPG reason=file_not_found
2026-01-16 18:34:55,796 | WARNING | [SKIP] image_id=81 file_name=DJI_0201_1_2.JPG reason=file_not_found
2026-01-16 18:34:55,796 | WARNING | [SKIP] image_id=82 file_name=DJI_0619_0_3.JPG reason=file_not_found
2026-01-16 18:34:55,796 | WARNING | [SKIP] image_id=83 file_name=DJI_0619_1_2.JPG reason=file_not_found
2026-01-16 18:34:55,796 | WARNING | [SKIP] image_id=84 file_name=DJI_0026_0_1.JPG reason=file_not_found
2026-01-16 18:34:55,796 | WARNING | [SKIP] image_id=85 file_name=DJI_0026_0_2.JPG reason=file_not_found
2026-01-16 18:34:55,796 | WARNING | [SKIP] image_id=86 file_name=DJI_0026_1_1.JPG reason=file_not_found
2026-01-16 18:34:55,796 | WARNING | [SKIP] image_id=87 file_name=DJI_0026_1_3.JPG reason=file_not_found
2026-01-16 18:34:55,796 | WARNING | [SKIP] image_id=88 file_name=DJI_0021_0_2.JPG reason=file_not_found
2026-01-16 18:34:55,796 | WARNING | [SKIP] image_id=89 file_name=DJI_0021_0_3.JPG reason=file_not_found
2026-01-16 18:34:55,796 | WARNING | [SKIP] image_id=90 file_name=DJI_0021_0_4.JPG reason=file_not_found
2026-01-16 18:34:55,796 | WARNING | [SKIP] image_id=91 file_name=DJI_0021_1_1.JPG reason=file_not_found
2026-01-16 18:34:55,796 | WARNING | [SKIP] image_id=92 file_name=DJI_0977_1_1.JPG reason=file_not_found
2026-01-16 18:34:55,796 | INFO | Gespeichert: 0
2026-01-16 18:34:55,796 | INFO | Uebersprungen: 93
2026-01-16 18:34:55,796 | INFO | Fehlerklassen: {'file_not_found': 93}
2026-01-16 18:34:55,796 | WARNING | Keine Kategorien fuer Stratified Sampling gefunden.
2026-01-16 18:47:30,623 | INFO | Gefundene Bilder (im JSON): 93
2026-01-16 18:47:30,623 | INFO | Gefundene Annotationen: 124
2026-01-16 18:47:30,623 | INFO | Bilder werden geladen aus: C:\Users\larsb\Desktop\WS2025\GenAi\Genai-G63\Data_Preprossesing\slice_images_test
2026-01-16 18:47:30,623 | INFO | Output-Ordner: C:\Users\larsb\Desktop\WS2025\GenAi\Genai-G63\Data_Preprossesing\viz_output
2026-01-16 18:47:30,623 | WARNING | [SKIP] image_id=0 file_name=DJI_0102_0_1.JPG reason=file_not_found
2026-01-16 18:47:30,623 | WARNING | [SKIP] image_id=1 file_name=DJI_0102_1_2.JPG reason=file_not_found
2026-01-16 18:47:30,623 | WARNING | [SKIP] image_id=2 file_name=DJI_0102_1_3.JPG reason=file_not_found
2026-01-16 18:47:30,623 | WARNING | [SKIP] image_id=3 file_name=DJI_0015_0_2.JPG reason=file_not_found
2026-01-16 18:47:30,623 | WARNING | [SKIP] image_id=4 file_name=DJI_0015_0_3.JPG reason=file_not_found
2026-01-16 18:47:30,623 | WARNING | [SKIP] image_id=5 file_name=DJI_0015_0_4.JPG reason=file_not_found
2026-01-16 18:47:30,623 | WARNING | [SKIP] image_id=6 file_name=DJI_0015_1_1.JPG reason=file_not_found
2026-01-16 18:47:30,623 | WARNING | [SKIP] image_id=7 file_name=DJI_0170_0_3.JPG reason=file_not_found
2026-01-16 18:47:30,623 | WARNING | [SKIP] image_id=8 file_name=DJI_0170_1_4.JPG reason=file_not_found
2026-01-16 18:47:30,623 | WARNING | [SKIP] image_id=9 file_name=DJI_0376_0_4.JPG reason=file_not_found
2026-01-16 18:47:30,629 | WARNING | [SKIP] image_id=10 file_name=DJI_0699_1_2.JPG reason=file_not_found
2026-01-16 18:47:30,629 | WARNING | [SKIP] image_id=11 file_name=DJI_0699_1_3.JPG reason=file_not_found
2026-01-16 18:47:30,629 | WARNING | [SKIP] image_id=12 file_name=DJI_0434_1_4.JPG reason=file_not_found
2026-01-16 18:47:30,629 | WARNING | [SKIP] image_id=13 file_name=DJI_0359_1_2.JPG reason=file_not_found
2026-01-16 18:47:30,629 | WARNING | [SKIP] image_id=14 file_name=DJI_0091_0_0.JPG reason=file_not_found
2026-01-16 18:47:30,630 | WARNING | [SKIP] image_id=15 file_name=DJI_0091_0_1.JPG reason=file_not_found
2026-01-16 18:47:30,630 | WARNING | [SKIP] image_id=16 file_name=DJI_0091_1_2.JPG reason=file_not_found
2026-01-16 18:47:30,630 | WARNING | [SKIP] image_id=17 file_name=DJI_0395_0_3.JPG reason=file_not_found
2026-01-16 18:47:30,631 | WARNING | [SKIP] image_id=18 file_name=DJI_0395_0_4.JPG reason=file_not_found
2026-01-16 18:47:30,631 | WARNING | [SKIP] image_id=19 file_name=DJI_0182_1_0.JPG reason=file_not_found
2026-01-16 18:47:30,631 | WARNING | [SKIP] image_id=20 file_name=DJI_0624_0_3.JPG reason=file_not_found
2026-01-16 18:47:30,631 | WARNING | [SKIP] image_id=21 file_name=DJI_0054_0_3.JPG reason=file_not_found
2026-01-16 18:47:30,631 | WARNING | [SKIP] image_id=22 file_name=DJI_0054_1_3.JPG reason=file_not_found
2026-01-16 18:47:30,631 | WARNING | [SKIP] image_id=23 file_name=DJI_0036_1_1.JPG reason=file_not_found
2026-01-16 18:47:30,632 | WARNING | [SKIP] image_id=24 file_name=DJI_0036_1_2.JPG reason=file_not_found
2026-01-16 18:47:30,632 | WARNING | [SKIP] image_id=25 file_name=DJI_0180_1_1.JPG reason=file_not_found
2026-01-16 18:47:30,632 | WARNING | [SKIP] image_id=26 file_name=DJI_0703_1_2.JPG reason=file_not_found
2026-01-16 18:47:30,632 | WARNING | [SKIP] image_id=27 file_name=DJI_0184_0_0.JPG reason=file_not_found
2026-01-16 18:47:30,632 | WARNING | [SKIP] image_id=28 file_name=DJI_0112_0_1.JPG reason=file_not_found
2026-01-16 18:47:30,632 | WARNING | [SKIP] image_id=29 file_name=DJI_0112_1_2.JPG reason=file_not_found
2026-01-16 18:47:30,633 | WARNING | [SKIP] image_id=30 file_name=DJI_0055_0_3.JPG reason=file_not_found
2026-01-16 18:47:30,633 | WARNING | [SKIP] image_id=31 file_name=DJI_0055_1_3.JPG reason=file_not_found
2026-01-16 18:47:30,633 | WARNING | [SKIP] image_id=32 file_name=DJI_0710_0_1.JPG reason=file_not_found
2026-01-16 18:47:30,634 | WARNING | [SKIP] image_id=33 file_name=DJI_0710_0_2.JPG reason=file_not_found
2026-01-16 18:47:30,634 | WARNING | [SKIP] image_id=34 file_name=DJI_0710_1_2.JPG reason=file_not_found
2026-01-16 18:47:30,634 | WARNING | [SKIP] image_id=35 file_name=DJI_0710_1_3.JPG reason=file_not_found
2026-01-16 18:47:30,634 | WARNING | [SKIP] image_id=36 file_name=DJI_0206_0_2.JPG reason=file_not_found
2026-01-16 18:47:30,634 | WARNING | [SKIP] image_id=37 file_name=DJI_0206_1_2.JPG reason=file_not_found
2026-01-16 18:47:30,634 | WARNING | [SKIP] image_id=38 file_name=DJI_0413_0_2.JPG reason=file_not_found
2026-01-16 18:47:30,634 | WARNING | [SKIP] image_id=39 file_name=DJI_0413_1_3.JPG reason=file_not_found
2026-01-16 18:47:30,634 | WARNING | [SKIP] image_id=40 file_name=DJI_0413_1_4.JPG reason=file_not_found
2026-01-16 18:47:30,634 | WARNING | [SKIP] image_id=41 file_name=DJI_0433_1_1.JPG reason=file_not_found
2026-01-16 18:47:30,634 | WARNING | [SKIP] image_id=42 file_name=DJI_0357_0_3.JPG reason=file_not_found
2026-01-16 18:47:30,634 | WARNING | [SKIP] image_id=43 file_name=DJI_0203_0_2.JPG reason=file_not_found
2026-01-16 18:47:30,634 | WARNING | [SKIP] image_id=44 file_name=DJI_0203_1_2.JPG reason=file_not_found
2026-01-16 18:47:30,634 | WARNING | [SKIP] image_id=45 file_name=DJI_0174_0_2.JPG reason=file_not_found
2026-01-16 18:47:30,634 | WARNING | [SKIP] image_id=46 file_name=DJI_0174_1_2.JPG reason=file_not_found
2026-01-16 18:47:30,634 | WARNING | [SKIP] image_id=47 file_name=DJI_0174_1_3.JPG reason=file_not_found
2026-01-16 18:47:30,634 | WARNING | [SKIP] image_id=48 file_name=DJI_0694_0_2.JPG reason=file_not_found
2026-01-16 18:47:30,634 | WARNING | [SKIP] image_id=49 file_name=DJI_0694_1_3.JPG reason=file_not_found
2026-01-16 18:47:30,634 | WARNING | [SKIP] image_id=50 file_name=DJI_0191_1_0.JPG reason=file_not_found
2026-01-16 18:47:30,634 | WARNING | [SKIP] image_id=51 file_name=DJI_0191_1_2.JPG reason=file_not_found
2026-01-16 18:47:30,634 | WARNING | [SKIP] image_id=52 file_name=DJI_0978_1_0.JPG reason=file_not_found
2026-01-16 18:47:30,634 | WARNING | [SKIP] image_id=53 file_name=DJI_0687_0_2.JPG reason=file_not_found
2026-01-16 18:47:30,634 | WARNING | [SKIP] image_id=54 file_name=DJI_0687_1_2.JPG reason=file_not_found
2026-01-16 18:47:30,634 | WARNING | [SKIP] image_id=55 file_name=DJI_0687_1_3.JPG reason=file_not_found
2026-01-16 18:47:30,634 | WARNING | [SKIP] image_id=56 file_name=DJI_0053_0_3.JPG reason=file_not_found
2026-01-16 18:47:30,634 | WARNING | [SKIP] image_id=57 file_name=DJI_0053_1_3.JPG reason=file_not_found
2026-01-16 18:47:30,634 | WARNING | [SKIP] image_id=58 file_name=DJI_0111_0_1.JPG reason=file_not_found
2026-01-16 18:47:30,634 | WARNING | [SKIP] image_id=59 file_name=DJI_0111_1_2.JPG reason=file_not_found
2026-01-16 18:47:30,634 | WARNING | [SKIP] image_id=60 file_name=DJI_0038_1_1.JPG reason=file_not_found
2026-01-16 18:47:30,634 | WARNING | [SKIP] image_id=61 file_name=DJI_0038_1_2.JPG reason=file_not_found
2026-01-16 18:47:30,634 | WARNING | [SKIP] image_id=62 file_name=DJI_0706_0_1.JPG reason=file_not_found
2026-01-16 18:47:30,634 | WARNING | [SKIP] image_id=63 file_name=DJI_0706_1_2.JPG reason=file_not_found
2026-01-16 18:47:30,634 | WARNING | [SKIP] image_id=64 file_name=DJI_0706_1_3.JPG reason=file_not_found
2026-01-16 18:47:30,634 | WARNING | [SKIP] image_id=65 file_name=DJI_0181_1_1.JPG reason=file_not_found
2026-01-16 18:47:30,634 | WARNING | [SKIP] image_id=66 file_name=DJI_0327_1_1.JPG reason=file_not_found
2026-01-16 18:47:30,634 | WARNING | [SKIP] image_id=67 file_name=DJI_0169_0_3.JPG reason=file_not_found
2026-01-16 18:47:30,640 | WARNING | [SKIP] image_id=68 file_name=DJI_0169_0_4.JPG reason=file_not_found
2026-01-16 18:47:30,640 | WARNING | [SKIP] image_id=69 file_name=DJI_0169_1_2.JPG reason=file_not_found
2026-01-16 18:47:30,640 | WARNING | [SKIP] image_id=70 file_name=DJI_0747_0_1.JPG reason=file_not_found
2026-01-16 18:47:30,640 | WARNING | [SKIP] image_id=71 file_name=DJI_0747_0_2.JPG reason=file_not_found
2026-01-16 18:47:30,640 | WARNING | [SKIP] image_id=72 file_name=DJI_0747_1_1.JPG reason=file_not_found
2026-01-16 18:47:30,640 | WARNING | [SKIP] image_id=73 file_name=DJI_0747_1_2.JPG reason=file_not_found
2026-01-16 18:47:30,640 | WARNING | [SKIP] image_id=74 file_name=DJI_0616_0_2.JPG reason=file_not_found
2026-01-16 18:47:30,641 | WARNING | [SKIP] image_id=75 file_name=DJI_0616_1_1.JPG reason=file_not_found
2026-01-16 18:47:30,641 | WARNING | [SKIP] image_id=76 file_name=DJI_0616_1_2.JPG reason=file_not_found
2026-01-16 18:47:30,641 | WARNING | [SKIP] image_id=77 file_name=DJI_0157_0_3.JPG reason=file_not_found
2026-01-16 18:47:30,641 | WARNING | [SKIP] image_id=78 file_name=DJI_0157_1_2.JPG reason=file_not_found
2026-01-16 18:47:30,641 | WARNING | [SKIP] image_id=79 file_name=DJI_0029_0_2.JPG reason=file_not_found
2026-01-16 18:47:30,641 | WARNING | [SKIP] image_id=80 file_name=DJI_0029_1_2.JPG reason=file_not_found
2026-01-16 18:47:30,641 | WARNING | [SKIP] image_id=81 file_name=DJI_0201_1_2.JPG reason=file_not_found
2026-01-16 18:47:30,641 | WARNING | [SKIP] image_id=82 file_name=DJI_0619_0_3.JPG reason=file_not_found
2026-01-16 18:47:30,642 | WARNING | [SKIP] image_id=83 file_name=DJI_0619_1_2.JPG reason=file_not_found
2026-01-16 18:47:30,642 | WARNING | [SKIP] image_id=84 file_name=DJI_0026_0_1.JPG reason=file_not_found
2026-01-16 18:47:30,642 | WARNING | [SKIP] image_id=85 file_name=DJI_0026_0_2.JPG reason=file_not_found
2026-01-16 18:47:30,642 | WARNING | [SKIP] image_id=86 file_name=DJI_0026_1_1.JPG reason=file_not_found
2026-01-16 18:47:30,642 | WARNING | [SKIP] image_id=87 file_name=DJI_0026_1_3.JPG reason=file_not_found
2026-01-16 18:47:30,642 | WARNING | [SKIP] image_id=88 file_name=DJI_0021_0_2.JPG reason=file_not_found
2026-01-16 18:47:30,642 | WARNING | [SKIP] image_id=89 file_name=DJI_0021_0_3.JPG reason=file_not_found
2026-01-16 18:47:30,642 | WARNING | [SKIP] image_id=90 file_name=DJI_0021_0_4.JPG reason=file_not_found
2026-01-16 18:47:30,643 | WARNING | [SKIP] image_id=91 file_name=DJI_0021_1_1.JPG reason=file_not_found
2026-01-16 18:47:30,643 | WARNING | [SKIP] image_id=92 file_name=DJI_0977_1_1.JPG reason=file_not_found
2026-01-16 18:47:30,643 | INFO | Gespeichert: 0
2026-01-16 18:47:30,643 | INFO | Uebersprungen: 93
2026-01-16 18:47:30,644 | INFO | Fehlerklassen: {'file_not_found': 93}
2026-01-16 18:47:30,644 | WARNING | Keine Kategorien fuer Stratified Sampling gefunden.
